[2020-01-20 17:06:12,808] {taskinstance.py:655} INFO - Dependencies all met for <TaskInstance: example_bash_operator.runme_1 2015-01-02T00:00:00+00:00 [queued]>
[2020-01-20 17:06:12,823] {taskinstance.py:655} INFO - Dependencies all met for <TaskInstance: example_bash_operator.runme_1 2015-01-02T00:00:00+00:00 [queued]>
[2020-01-20 17:06:12,823] {taskinstance.py:866} INFO - 
--------------------------------------------------------------------------------
[2020-01-20 17:06:12,823] {taskinstance.py:867} INFO - Starting attempt 1 of 1
[2020-01-20 17:06:12,824] {taskinstance.py:868} INFO - 
--------------------------------------------------------------------------------
[2020-01-20 17:06:12,838] {taskinstance.py:887} INFO - Executing <Task(BashOperator): runme_1> on 2015-01-02T00:00:00+00:00
[2020-01-20 17:06:12,841] {standard_task_runner.py:52} INFO - Started process 29584 to run task
[2020-01-20 17:06:12,881] {logging_mixin.py:112} INFO - [2020-01-20 17:06:12,880] {dagbag.py:403} INFO - Filling up the DagBag from /home/brig/misc/env/lib/python3.6/site-packages/airflow/example_dags/example_bash_operator.py
[2020-01-20 17:06:20,523] {logging_mixin.py:112} INFO - Running %s on host %s <TaskInstance: example_bash_operator.runme_1 2015-01-02T00:00:00+00:00 [running]> brig
[2020-01-20 17:06:26,025] {bash_operator.py:81} INFO - Tmp dir root location: 
 /tmp
[2020-01-20 17:06:26,026] {bash_operator.py:91} INFO - Exporting the following env vars:
AIRFLOW_CTX_DAG_OWNER=Airflow
AIRFLOW_CTX_DAG_ID=example_bash_operator
AIRFLOW_CTX_TASK_ID=runme_1
AIRFLOW_CTX_EXECUTION_DATE=2015-01-02T00:00:00+00:00
AIRFLOW_CTX_DAG_RUN_ID=backfill_2015-01-02T00:00:00+00:00
[2020-01-20 17:06:26,028] {bash_operator.py:105} INFO - Temporary script location: /tmp/airflowtmph8bsn_qw/runme_1e7rorm3k
[2020-01-20 17:06:26,028] {bash_operator.py:115} INFO - Running command: echo "example_bash_operator__runme_1__20150102" && sleep 1
[2020-01-20 17:06:26,037] {bash_operator.py:124} INFO - Output:
[2020-01-20 17:06:26,039] {bash_operator.py:128} INFO - example_bash_operator__runme_1__20150102
[2020-01-20 17:06:27,045] {bash_operator.py:132} INFO - Command exited with return code 0
[2020-01-20 17:06:31,911] {logging_mixin.py:112} INFO - [2020-01-20 17:06:31,911] {local_task_job.py:103} INFO - Task exited with return code 0
