[2020-01-20 16:55:30,465] {logging_mixin.py:112} INFO - Sending to executor.
[2020-01-20 16:55:30,468] {logging_mixin.py:112} INFO - [2020-01-20 16:55:30,466] {base_executor.py:58} INFO - Adding to queue: ['airflow', 'run', 'example_bash_operator', 'runme_0', '2015-01-01T00:00:00+00:00', '--local', '--pool', 'default_pool', '-sd', '/home/brig/misc/env/lib/python3.6/site-packages/airflow/example_dags/example_bash_operator.py']
[2020-01-20 16:55:30,468] {logging_mixin.py:112} INFO - [2020-01-20 16:55:30,468] {sequential_executor.py:45} INFO - Executing command: ['airflow', 'run', 'example_bash_operator', 'runme_0', '2015-01-01T00:00:00+00:00', '--local', '--pool', 'default_pool', '-sd', '/home/brig/misc/env/lib/python3.6/site-packages/airflow/example_dags/example_bash_operator.py']
[2020-01-20 16:55:51,969] {taskinstance.py:655} INFO - Dependencies all met for <TaskInstance: example_bash_operator.runme_0 2015-01-01T00:00:00+00:00 [None]>
[2020-01-20 16:55:51,996] {taskinstance.py:655} INFO - Dependencies all met for <TaskInstance: example_bash_operator.runme_0 2015-01-01T00:00:00+00:00 [None]>
[2020-01-20 16:55:51,996] {taskinstance.py:866} INFO - 
--------------------------------------------------------------------------------
[2020-01-20 16:55:51,997] {taskinstance.py:867} INFO - Starting attempt 1 of 1
[2020-01-20 16:55:51,997] {taskinstance.py:868} INFO - 
--------------------------------------------------------------------------------
[2020-01-20 16:55:52,015] {taskinstance.py:887} INFO - Executing <Task(BashOperator): runme_0> on 2015-01-01T00:00:00+00:00
[2020-01-20 16:55:52,017] {standard_task_runner.py:52} INFO - Started process 28186 to run task
[2020-01-20 16:55:52,050] {logging_mixin.py:112} INFO - [2020-01-20 16:55:52,050] {dagbag.py:403} INFO - Filling up the DagBag from /home/brig/misc/env/lib/python3.6/site-packages/airflow/example_dags/example_bash_operator.py
[2020-01-20 16:55:57,421] {logging_mixin.py:112} INFO - Running %s on host %s <TaskInstance: example_bash_operator.runme_0 2015-01-01T00:00:00+00:00 [running]> brig
[2020-01-20 16:56:03,270] {bash_operator.py:81} INFO - Tmp dir root location: 
 /tmp
[2020-01-20 16:56:03,271] {bash_operator.py:91} INFO - Exporting the following env vars:
AIRFLOW_CTX_DAG_OWNER=Airflow
AIRFLOW_CTX_DAG_ID=example_bash_operator
AIRFLOW_CTX_TASK_ID=runme_0
AIRFLOW_CTX_EXECUTION_DATE=2015-01-01T00:00:00+00:00
[2020-01-20 16:56:03,273] {bash_operator.py:105} INFO - Temporary script location: /tmp/airflowtmpmfqiqy66/runme_05h3vtajo
[2020-01-20 16:56:03,273] {bash_operator.py:115} INFO - Running command: echo "example_bash_operator__runme_0__20150101" && sleep 1
[2020-01-20 16:56:03,281] {bash_operator.py:124} INFO - Output:
[2020-01-20 16:56:03,287] {bash_operator.py:128} INFO - example_bash_operator__runme_0__20150101
[2020-01-20 16:56:04,289] {bash_operator.py:132} INFO - Command exited with return code 0
[2020-01-20 16:56:10,186] {logging_mixin.py:112} INFO - [2020-01-20 16:56:10,186] {local_task_job.py:103} INFO - Task exited with return code 0
