[2020-01-20 17:08:14,268] {taskinstance.py:655} INFO - Dependencies all met for <TaskInstance: example_bash_operator.also_run_this 2015-01-01T00:00:00+00:00 [queued]>
[2020-01-20 17:08:14,281] {taskinstance.py:655} INFO - Dependencies all met for <TaskInstance: example_bash_operator.also_run_this 2015-01-01T00:00:00+00:00 [queued]>
[2020-01-20 17:08:14,281] {taskinstance.py:866} INFO - 
--------------------------------------------------------------------------------
[2020-01-20 17:08:14,281] {taskinstance.py:867} INFO - Starting attempt 1 of 1
[2020-01-20 17:08:14,281] {taskinstance.py:868} INFO - 
--------------------------------------------------------------------------------
[2020-01-20 17:08:14,299] {taskinstance.py:887} INFO - Executing <Task(BashOperator): also_run_this> on 2015-01-01T00:00:00+00:00
[2020-01-20 17:08:14,302] {standard_task_runner.py:52} INFO - Started process 29858 to run task
[2020-01-20 17:08:14,351] {logging_mixin.py:112} INFO - [2020-01-20 17:08:14,350] {dagbag.py:403} INFO - Filling up the DagBag from /home/brig/misc/env/lib/python3.6/site-packages/airflow/example_dags/example_bash_operator.py
[2020-01-20 17:08:21,207] {logging_mixin.py:112} INFO - Running %s on host %s <TaskInstance: example_bash_operator.also_run_this 2015-01-01T00:00:00+00:00 [running]> brig
[2020-01-20 17:08:28,158] {bash_operator.py:81} INFO - Tmp dir root location: 
 /tmp
[2020-01-20 17:08:28,159] {bash_operator.py:91} INFO - Exporting the following env vars:
AIRFLOW_CTX_DAG_OWNER=Airflow
AIRFLOW_CTX_DAG_ID=example_bash_operator
AIRFLOW_CTX_TASK_ID=also_run_this
AIRFLOW_CTX_EXECUTION_DATE=2015-01-01T00:00:00+00:00
AIRFLOW_CTX_DAG_RUN_ID=backfill_2015-01-01T00:00:00+00:00
[2020-01-20 17:08:28,163] {bash_operator.py:105} INFO - Temporary script location: /tmp/airflowtmph22n3jyg/also_run_this0huuuulf
[2020-01-20 17:08:28,163] {bash_operator.py:115} INFO - Running command: echo "run_id=backfill_2015-01-01T00:00:00+00:00 | dag_run=<DagRun example_bash_operator @ 2015-01-01 00:00:00+00:00: backfill_2015-01-01T00:00:00+00:00, externally triggered: False>"
[2020-01-20 17:08:28,170] {bash_operator.py:124} INFO - Output:
[2020-01-20 17:08:28,172] {bash_operator.py:128} INFO - run_id=backfill_2015-01-01T00:00:00+00:00 | dag_run=<DagRun example_bash_operator @ 2015-01-01 00:00:00+00:00: backfill_2015-01-01T00:00:00+00:00, externally triggered: False>
[2020-01-20 17:08:28,172] {bash_operator.py:132} INFO - Command exited with return code 0
[2020-01-20 17:08:28,801] {logging_mixin.py:112} INFO - [2020-01-20 17:08:28,800] {local_task_job.py:103} INFO - Task exited with return code 0
