[2020-01-20 17:06:52,950] {taskinstance.py:655} INFO - Dependencies all met for <TaskInstance: example_bash_operator.runme_2 2015-01-01T00:00:00+00:00 [queued]>
[2020-01-20 17:06:52,978] {taskinstance.py:655} INFO - Dependencies all met for <TaskInstance: example_bash_operator.runme_2 2015-01-01T00:00:00+00:00 [queued]>
[2020-01-20 17:06:52,979] {taskinstance.py:866} INFO - 
--------------------------------------------------------------------------------
[2020-01-20 17:06:52,979] {taskinstance.py:867} INFO - Starting attempt 1 of 1
[2020-01-20 17:06:52,979] {taskinstance.py:868} INFO - 
--------------------------------------------------------------------------------
[2020-01-20 17:06:52,998] {taskinstance.py:887} INFO - Executing <Task(BashOperator): runme_2> on 2015-01-01T00:00:00+00:00
[2020-01-20 17:06:53,000] {standard_task_runner.py:52} INFO - Started process 29655 to run task
[2020-01-20 17:06:53,039] {logging_mixin.py:112} INFO - [2020-01-20 17:06:53,038] {dagbag.py:403} INFO - Filling up the DagBag from /home/brig/misc/env/lib/python3.6/site-packages/airflow/example_dags/example_bash_operator.py
[2020-01-20 17:07:01,247] {logging_mixin.py:112} INFO - Running %s on host %s <TaskInstance: example_bash_operator.runme_2 2015-01-01T00:00:00+00:00 [running]> brig
[2020-01-20 17:07:07,741] {bash_operator.py:81} INFO - Tmp dir root location: 
 /tmp
[2020-01-20 17:07:07,742] {bash_operator.py:91} INFO - Exporting the following env vars:
AIRFLOW_CTX_DAG_OWNER=Airflow
AIRFLOW_CTX_DAG_ID=example_bash_operator
AIRFLOW_CTX_TASK_ID=runme_2
AIRFLOW_CTX_EXECUTION_DATE=2015-01-01T00:00:00+00:00
AIRFLOW_CTX_DAG_RUN_ID=backfill_2015-01-01T00:00:00+00:00
[2020-01-20 17:07:07,743] {bash_operator.py:105} INFO - Temporary script location: /tmp/airflowtmp5f18h628/runme_2gkxj18uq
[2020-01-20 17:07:07,743] {bash_operator.py:115} INFO - Running command: echo "example_bash_operator__runme_2__20150101" && sleep 1
[2020-01-20 17:07:07,752] {bash_operator.py:124} INFO - Output:
[2020-01-20 17:07:07,759] {bash_operator.py:128} INFO - example_bash_operator__runme_2__20150101
[2020-01-20 17:07:08,761] {bash_operator.py:132} INFO - Command exited with return code 0
[2020-01-20 17:07:14,968] {logging_mixin.py:112} INFO - [2020-01-20 17:07:14,968] {local_task_job.py:103} INFO - Task exited with return code 0
