[2020-01-20 17:09:25,802] {taskinstance.py:655} INFO - Dependencies all met for <TaskInstance: example_bash_operator.run_after_loop 2015-01-01T00:00:00+00:00 [queued]>
[2020-01-20 17:09:25,831] {taskinstance.py:655} INFO - Dependencies all met for <TaskInstance: example_bash_operator.run_after_loop 2015-01-01T00:00:00+00:00 [queued]>
[2020-01-20 17:09:25,831] {taskinstance.py:866} INFO - 
--------------------------------------------------------------------------------
[2020-01-20 17:09:25,831] {taskinstance.py:867} INFO - Starting attempt 1 of 1
[2020-01-20 17:09:25,831] {taskinstance.py:868} INFO - 
--------------------------------------------------------------------------------
[2020-01-20 17:09:25,845] {taskinstance.py:887} INFO - Executing <Task(BashOperator): run_after_loop> on 2015-01-01T00:00:00+00:00
[2020-01-20 17:09:25,848] {standard_task_runner.py:52} INFO - Started process 29999 to run task
[2020-01-20 17:09:25,881] {logging_mixin.py:112} INFO - [2020-01-20 17:09:25,881] {dagbag.py:403} INFO - Filling up the DagBag from /home/brig/misc/env/lib/python3.6/site-packages/airflow/example_dags/example_bash_operator.py
[2020-01-20 17:09:33,007] {logging_mixin.py:112} INFO - Running %s on host %s <TaskInstance: example_bash_operator.run_after_loop 2015-01-01T00:00:00+00:00 [running]> brig
[2020-01-20 17:09:39,562] {bash_operator.py:81} INFO - Tmp dir root location: 
 /tmp
[2020-01-20 17:09:39,562] {bash_operator.py:91} INFO - Exporting the following env vars:
AIRFLOW_CTX_DAG_OWNER=Airflow
AIRFLOW_CTX_DAG_ID=example_bash_operator
AIRFLOW_CTX_TASK_ID=run_after_loop
AIRFLOW_CTX_EXECUTION_DATE=2015-01-01T00:00:00+00:00
AIRFLOW_CTX_DAG_RUN_ID=backfill_2015-01-01T00:00:00+00:00
[2020-01-20 17:09:39,570] {bash_operator.py:105} INFO - Temporary script location: /tmp/airflowtmp4kqur5av/run_after_loop5um07jvr
[2020-01-20 17:09:39,570] {bash_operator.py:115} INFO - Running command: echo 1
[2020-01-20 17:09:39,576] {bash_operator.py:124} INFO - Output:
[2020-01-20 17:09:39,577] {bash_operator.py:128} INFO - 1
[2020-01-20 17:09:39,577] {bash_operator.py:132} INFO - Command exited with return code 0
[2020-01-20 17:09:40,064] {logging_mixin.py:112} INFO - [2020-01-20 17:09:40,063] {local_task_job.py:103} INFO - Task exited with return code 0
